mode: atomic
amencia.net/ubb-campus-safety-main/cmd/web/handler.go:15.71,17.16 2 0
amencia.net/ubb-campus-safety-main/cmd/web/handler.go:17.16,23.3 3 0
amencia.net/ubb-campus-safety-main/cmd/web/handler.go:24.2,25.16 2 0
amencia.net/ubb-campus-safety-main/cmd/web/handler.go:25.16,30.3 2 0
amencia.net/ubb-campus-safety-main/cmd/web/handler.go:33.78,38.33 2 0
amencia.net/ubb-campus-safety-main/cmd/web/handler.go:38.33,41.3 2 0
amencia.net/ubb-campus-safety-main/cmd/web/handler.go:43.2,44.16 2 0
amencia.net/ubb-campus-safety-main/cmd/web/handler.go:44.16,48.3 3 0
amencia.net/ubb-campus-safety-main/cmd/web/handler.go:50.2,58.56 7 0
amencia.net/ubb-campus-safety-main/cmd/web/handler.go:58.56,62.3 3 0
amencia.net/ubb-campus-safety-main/cmd/web/handler.go:65.2,68.26 4 0
amencia.net/ubb-campus-safety-main/cmd/web/handler.go:68.26,72.3 3 0
amencia.net/ubb-campus-safety-main/cmd/web/handler.go:75.2,80.14 4 0
amencia.net/ubb-campus-safety-main/cmd/web/handler.go:81.9,82.58 1 0
amencia.net/ubb-campus-safety-main/cmd/web/handler.go:83.9,84.55 1 0
amencia.net/ubb-campus-safety-main/cmd/web/handler.go:85.9,86.53 1 0
amencia.net/ubb-campus-safety-main/cmd/web/handler.go:87.10,88.64 1 0
amencia.net/ubb-campus-safety-main/cmd/web/handler.go:92.75,94.16 2 0
amencia.net/ubb-campus-safety-main/cmd/web/handler.go:94.16,100.3 3 0
amencia.net/ubb-campus-safety-main/cmd/web/handler.go:101.2,102.16 2 0
amencia.net/ubb-campus-safety-main/cmd/web/handler.go:102.16,107.3 2 0
amencia.net/ubb-campus-safety-main/cmd/web/handler.go:110.76,112.16 2 0
amencia.net/ubb-campus-safety-main/cmd/web/handler.go:112.16,118.3 3 0
amencia.net/ubb-campus-safety-main/cmd/web/handler.go:119.2,120.16 2 0
amencia.net/ubb-campus-safety-main/cmd/web/handler.go:120.16,125.3 2 0
amencia.net/ubb-campus-safety-main/cmd/web/handler.go:128.73,130.16 2 0
amencia.net/ubb-campus-safety-main/cmd/web/handler.go:130.16,136.3 3 0
amencia.net/ubb-campus-safety-main/cmd/web/handler.go:137.2,138.16 2 0
amencia.net/ubb-campus-safety-main/cmd/web/handler.go:138.16,140.3 1 0
amencia.net/ubb-campus-safety-main/cmd/web/handler.go:142.2,143.16 2 0
amencia.net/ubb-campus-safety-main/cmd/web/handler.go:143.16,148.3 2 0
amencia.net/ubb-campus-safety-main/cmd/web/handler.go:151.71,153.16 2 0
amencia.net/ubb-campus-safety-main/cmd/web/handler.go:153.16,159.3 3 0
amencia.net/ubb-campus-safety-main/cmd/web/handler.go:160.2,161.16 2 0
amencia.net/ubb-campus-safety-main/cmd/web/handler.go:161.16,166.3 2 0
amencia.net/ubb-campus-safety-main/cmd/web/handler.go:169.73,171.16 2 0
amencia.net/ubb-campus-safety-main/cmd/web/handler.go:171.16,177.3 3 0
amencia.net/ubb-campus-safety-main/cmd/web/handler.go:178.2,179.16 2 0
amencia.net/ubb-campus-safety-main/cmd/web/handler.go:179.16,181.3 1 0
amencia.net/ubb-campus-safety-main/cmd/web/handler.go:183.2,184.16 2 0
amencia.net/ubb-campus-safety-main/cmd/web/handler.go:184.16,189.3 2 0
amencia.net/ubb-campus-safety-main/cmd/web/handler.go:192.79,198.16 3 0
amencia.net/ubb-campus-safety-main/cmd/web/handler.go:198.16,204.3 3 0
amencia.net/ubb-campus-safety-main/cmd/web/handler.go:206.2,206.29 1 0
amencia.net/ubb-campus-safety-main/cmd/web/handler.go:206.29,209.3 2 0
amencia.net/ubb-campus-safety-main/cmd/web/handler.go:212.2,213.16 2 0
amencia.net/ubb-campus-safety-main/cmd/web/handler.go:213.16,219.3 3 0
amencia.net/ubb-campus-safety-main/cmd/web/handler.go:221.2,222.16 2 0
amencia.net/ubb-campus-safety-main/cmd/web/handler.go:222.16,228.3 3 0
amencia.net/ubb-campus-safety-main/cmd/web/handler.go:230.79,236.16 3 0
amencia.net/ubb-campus-safety-main/cmd/web/handler.go:236.16,242.3 3 0
amencia.net/ubb-campus-safety-main/cmd/web/handler.go:244.2,244.29 1 0
amencia.net/ubb-campus-safety-main/cmd/web/handler.go:244.29,247.3 2 0
amencia.net/ubb-campus-safety-main/cmd/web/handler.go:250.2,251.16 2 0
amencia.net/ubb-campus-safety-main/cmd/web/handler.go:251.16,257.3 3 0
amencia.net/ubb-campus-safety-main/cmd/web/handler.go:259.2,260.16 2 0
amencia.net/ubb-campus-safety-main/cmd/web/handler.go:260.16,266.3 3 0
amencia.net/ubb-campus-safety-main/cmd/web/handler.go:269.78,271.16 2 0
amencia.net/ubb-campus-safety-main/cmd/web/handler.go:271.16,277.3 3 0
amencia.net/ubb-campus-safety-main/cmd/web/handler.go:278.2,279.16 2 0
amencia.net/ubb-campus-safety-main/cmd/web/handler.go:279.16,284.3 2 0
amencia.net/ubb-campus-safety-main/cmd/web/handler.go:287.71,289.16 2 0
amencia.net/ubb-campus-safety-main/cmd/web/handler.go:289.16,295.3 3 0
amencia.net/ubb-campus-safety-main/cmd/web/handler.go:296.2,297.16 2 0
amencia.net/ubb-campus-safety-main/cmd/web/handler.go:297.16,302.3 2 0
amencia.net/ubb-campus-safety-main/cmd/web/handler.go:305.73,311.16 3 0
amencia.net/ubb-campus-safety-main/cmd/web/handler.go:311.16,317.3 3 0
amencia.net/ubb-campus-safety-main/cmd/web/handler.go:319.2,319.29 1 0
amencia.net/ubb-campus-safety-main/cmd/web/handler.go:319.29,322.3 2 0
amencia.net/ubb-campus-safety-main/cmd/web/handler.go:325.2,326.16 2 0
amencia.net/ubb-campus-safety-main/cmd/web/handler.go:326.16,332.3 3 0
amencia.net/ubb-campus-safety-main/cmd/web/handler.go:334.2,335.16 2 0
amencia.net/ubb-campus-safety-main/cmd/web/handler.go:335.16,341.3 3 0
amencia.net/ubb-campus-safety-main/cmd/web/handler.go:344.70,346.16 2 0
amencia.net/ubb-campus-safety-main/cmd/web/handler.go:346.16,352.3 3 0
amencia.net/ubb-campus-safety-main/cmd/web/handler.go:353.2,354.16 2 0
amencia.net/ubb-campus-safety-main/cmd/web/handler.go:354.16,359.3 2 0
amencia.net/ubb-campus-safety-main/cmd/web/handler.go:362.76,364.16 2 0
amencia.net/ubb-campus-safety-main/cmd/web/handler.go:364.16,370.3 3 0
amencia.net/ubb-campus-safety-main/cmd/web/handler.go:371.2,372.16 2 0
amencia.net/ubb-campus-safety-main/cmd/web/handler.go:372.16,377.3 2 0
amencia.net/ubb-campus-safety-main/cmd/web/handler.go:380.76,381.33 1 0
amencia.net/ubb-campus-safety-main/cmd/web/handler.go:381.33,384.3 2 0
amencia.net/ubb-campus-safety-main/cmd/web/handler.go:386.2,387.16 2 0
amencia.net/ubb-campus-safety-main/cmd/web/handler.go:387.16,390.3 2 0
amencia.net/ubb-campus-safety-main/cmd/web/handler.go:392.2,401.16 9 0
amencia.net/ubb-campus-safety-main/cmd/web/handler.go:401.16,404.3 2 0
amencia.net/ubb-campus-safety-main/cmd/web/handler.go:405.2,408.16 3 0
amencia.net/ubb-campus-safety-main/cmd/web/handler.go:408.16,411.3 2 0
amencia.net/ubb-campus-safety-main/cmd/web/handler.go:413.2,418.60 3 0
amencia.net/ubb-campus-safety-main/cmd/web/handler.go:418.60,420.3 1 0
amencia.net/ubb-campus-safety-main/cmd/web/handler.go:420.8,420.32 1 0
amencia.net/ubb-campus-safety-main/cmd/web/handler.go:420.32,422.3 1 0
amencia.net/ubb-campus-safety-main/cmd/web/handler.go:422.8,422.31 1 0
amencia.net/ubb-campus-safety-main/cmd/web/handler.go:422.31,424.3 1 0
amencia.net/ubb-campus-safety-main/cmd/web/handler.go:426.2,426.63 1 0
amencia.net/ubb-campus-safety-main/cmd/web/handler.go:426.63,428.3 1 0
amencia.net/ubb-campus-safety-main/cmd/web/handler.go:428.8,428.32 1 0
amencia.net/ubb-campus-safety-main/cmd/web/handler.go:428.32,430.3 1 0
amencia.net/ubb-campus-safety-main/cmd/web/handler.go:430.8,430.31 1 0
amencia.net/ubb-campus-safety-main/cmd/web/handler.go:430.31,432.3 1 0
amencia.net/ubb-campus-safety-main/cmd/web/handler.go:433.2,433.65 1 0
amencia.net/ubb-campus-safety-main/cmd/web/handler.go:433.65,435.3 1 0
amencia.net/ubb-campus-safety-main/cmd/web/handler.go:435.8,435.32 1 0
amencia.net/ubb-campus-safety-main/cmd/web/handler.go:435.32,437.3 1 0
amencia.net/ubb-campus-safety-main/cmd/web/handler.go:437.8,437.31 1 0
amencia.net/ubb-campus-safety-main/cmd/web/handler.go:437.31,439.3 1 0
amencia.net/ubb-campus-safety-main/cmd/web/handler.go:440.2,440.61 1 0
amencia.net/ubb-campus-safety-main/cmd/web/handler.go:440.61,442.3 1 0
amencia.net/ubb-campus-safety-main/cmd/web/handler.go:442.8,442.32 1 0
amencia.net/ubb-campus-safety-main/cmd/web/handler.go:442.32,444.3 1 0
amencia.net/ubb-campus-safety-main/cmd/web/handler.go:444.8,444.31 1 0
amencia.net/ubb-campus-safety-main/cmd/web/handler.go:444.31,446.3 1 0
amencia.net/ubb-campus-safety-main/cmd/web/handler.go:447.2,448.27 2 0
amencia.net/ubb-campus-safety-main/cmd/web/handler.go:448.27,450.3 1 0
amencia.net/ubb-campus-safety-main/cmd/web/handler.go:450.8,450.32 1 0
amencia.net/ubb-campus-safety-main/cmd/web/handler.go:450.32,452.3 1 0
amencia.net/ubb-campus-safety-main/cmd/web/handler.go:452.8,452.32 1 0
amencia.net/ubb-campus-safety-main/cmd/web/handler.go:452.32,454.3 1 0
amencia.net/ubb-campus-safety-main/cmd/web/handler.go:454.8,456.3 1 0
amencia.net/ubb-campus-safety-main/cmd/web/handler.go:459.2,459.15 1 0
amencia.net/ubb-campus-safety-main/cmd/web/handler.go:459.15,461.3 1 0
amencia.net/ubb-campus-safety-main/cmd/web/handler.go:461.8,463.17 2 0
amencia.net/ubb-campus-safety-main/cmd/web/handler.go:463.17,465.4 1 0
amencia.net/ubb-campus-safety-main/cmd/web/handler.go:469.2,469.18 1 0
amencia.net/ubb-campus-safety-main/cmd/web/handler.go:469.18,471.3 1 0
amencia.net/ubb-campus-safety-main/cmd/web/handler.go:471.8,471.72 1 0
amencia.net/ubb-campus-safety-main/cmd/web/handler.go:471.72,473.3 1 0
amencia.net/ubb-campus-safety-main/cmd/web/handler.go:475.2,475.21 1 0
amencia.net/ubb-campus-safety-main/cmd/web/handler.go:475.21,477.39 2 0
amencia.net/ubb-campus-safety-main/cmd/web/handler.go:477.39,479.4 1 0
amencia.net/ubb-campus-safety-main/cmd/web/handler.go:480.3,480.9 1 0
amencia.net/ubb-campus-safety-main/cmd/web/handler.go:483.2,484.16 2 0
amencia.net/ubb-campus-safety-main/cmd/web/handler.go:484.16,488.3 3 0
amencia.net/ubb-campus-safety-main/cmd/web/handler.go:489.2,489.55 1 0
amencia.net/ubb-campus-safety-main/cmd/web/handler.go:493.76,495.16 2 0
amencia.net/ubb-campus-safety-main/cmd/web/handler.go:495.16,501.3 3 0
amencia.net/ubb-campus-safety-main/cmd/web/handler.go:503.2,504.16 2 0
amencia.net/ubb-campus-safety-main/cmd/web/handler.go:504.16,510.3 3 0
amencia.net/ubb-campus-safety-main/cmd/web/handler.go:511.2,513.16 2 0
amencia.net/ubb-campus-safety-main/cmd/web/handler.go:513.16,519.3 3 0
amencia.net/ubb-campus-safety-main/cmd/web/handler.go:522.77,524.16 2 0
amencia.net/ubb-campus-safety-main/cmd/web/handler.go:524.16,530.3 3 0
amencia.net/ubb-campus-safety-main/cmd/web/handler.go:532.2,533.16 2 0
amencia.net/ubb-campus-safety-main/cmd/web/handler.go:533.16,539.3 3 0
amencia.net/ubb-campus-safety-main/cmd/web/handler.go:540.2,542.16 2 0
amencia.net/ubb-campus-safety-main/cmd/web/handler.go:542.16,548.3 3 0
amencia.net/ubb-campus-safety-main/cmd/web/handler.go:551.73,553.16 2 0
amencia.net/ubb-campus-safety-main/cmd/web/handler.go:553.16,559.3 3 0
amencia.net/ubb-campus-safety-main/cmd/web/handler.go:561.2,562.16 2 0
amencia.net/ubb-campus-safety-main/cmd/web/handler.go:562.16,568.3 3 0
amencia.net/ubb-campus-safety-main/cmd/web/handler.go:569.2,571.16 2 0
amencia.net/ubb-campus-safety-main/cmd/web/handler.go:571.16,577.3 3 0
amencia.net/ubb-campus-safety-main/cmd/web/handler.go:580.76,582.16 2 0
amencia.net/ubb-campus-safety-main/cmd/web/handler.go:582.16,588.3 3 0
amencia.net/ubb-campus-safety-main/cmd/web/handler.go:589.2,590.16 2 0
amencia.net/ubb-campus-safety-main/cmd/web/handler.go:590.16,595.3 2 0
amencia.net/ubb-campus-safety-main/cmd/web/handler.go:598.78,599.33 1 0
amencia.net/ubb-campus-safety-main/cmd/web/handler.go:599.33,602.3 2 0
amencia.net/ubb-campus-safety-main/cmd/web/handler.go:604.2,605.16 2 0
amencia.net/ubb-campus-safety-main/cmd/web/handler.go:605.16,608.3 2 0
amencia.net/ubb-campus-safety-main/cmd/web/handler.go:610.2,618.23 7 0
amencia.net/ubb-campus-safety-main/cmd/web/handler.go:618.23,620.3 1 0
amencia.net/ubb-campus-safety-main/cmd/web/handler.go:620.8,622.3 1 0
amencia.net/ubb-campus-safety-main/cmd/web/handler.go:624.2,629.16 4 0
amencia.net/ubb-campus-safety-main/cmd/web/handler.go:629.16,634.17 3 0
amencia.net/ubb-campus-safety-main/cmd/web/handler.go:634.17,637.4 2 0
amencia.net/ubb-campus-safety-main/cmd/web/handler.go:639.3,639.31 1 0
amencia.net/ubb-campus-safety-main/cmd/web/handler.go:640.8,644.3 2 0
amencia.net/ubb-campus-safety-main/cmd/web/handler.go:647.2,649.72 2 0
amencia.net/ubb-campus-safety-main/cmd/web/handler.go:649.72,651.3 1 0
amencia.net/ubb-campus-safety-main/cmd/web/handler.go:651.8,651.35 1 0
amencia.net/ubb-campus-safety-main/cmd/web/handler.go:651.35,653.3 1 0
amencia.net/ubb-campus-safety-main/cmd/web/handler.go:654.2,654.60 1 0
amencia.net/ubb-campus-safety-main/cmd/web/handler.go:654.60,656.3 1 0
amencia.net/ubb-campus-safety-main/cmd/web/handler.go:656.8,656.32 1 0
amencia.net/ubb-campus-safety-main/cmd/web/handler.go:656.32,658.3 1 0
amencia.net/ubb-campus-safety-main/cmd/web/handler.go:659.2,659.69 1 0
amencia.net/ubb-campus-safety-main/cmd/web/handler.go:659.69,661.3 1 0
amencia.net/ubb-campus-safety-main/cmd/web/handler.go:661.8,661.35 1 0
amencia.net/ubb-campus-safety-main/cmd/web/handler.go:661.35,663.3 1 0
amencia.net/ubb-campus-safety-main/cmd/web/handler.go:665.2,665.55 1 0
amencia.net/ubb-campus-safety-main/cmd/web/handler.go:665.55,667.3 1 0
amencia.net/ubb-campus-safety-main/cmd/web/handler.go:670.2,670.21 1 0
amencia.net/ubb-campus-safety-main/cmd/web/handler.go:670.21,672.39 2 0
amencia.net/ubb-campus-safety-main/cmd/web/handler.go:672.39,674.4 1 0
amencia.net/ubb-campus-safety-main/cmd/web/handler.go:675.3,675.9 1 0
amencia.net/ubb-campus-safety-main/cmd/web/handler.go:678.2,679.16 2 0
amencia.net/ubb-campus-safety-main/cmd/web/handler.go:679.16,683.3 3 0
amencia.net/ubb-campus-safety-main/cmd/web/handler.go:684.2,684.54 1 0
amencia.net/ubb-campus-safety-main/cmd/web/handler.go:687.83,688.33 1 0
amencia.net/ubb-campus-safety-main/cmd/web/handler.go:688.33,691.3 2 0
amencia.net/ubb-campus-safety-main/cmd/web/handler.go:693.2,694.16 2 0
amencia.net/ubb-campus-safety-main/cmd/web/handler.go:694.16,697.3 2 0
amencia.net/ubb-campus-safety-main/cmd/web/handler.go:699.2,707.23 7 0
amencia.net/ubb-campus-safety-main/cmd/web/handler.go:707.23,709.3 1 0
amencia.net/ubb-campus-safety-main/cmd/web/handler.go:709.8,711.3 1 0
amencia.net/ubb-campus-safety-main/cmd/web/handler.go:713.2,718.16 4 0
amencia.net/ubb-campus-safety-main/cmd/web/handler.go:718.16,723.17 3 0
amencia.net/ubb-campus-safety-main/cmd/web/handler.go:723.17,726.4 2 0
amencia.net/ubb-campus-safety-main/cmd/web/handler.go:728.3,728.31 1 0
amencia.net/ubb-campus-safety-main/cmd/web/handler.go:729.8,733.3 2 0
amencia.net/ubb-campus-safety-main/cmd/web/handler.go:736.2,738.72 2 0
amencia.net/ubb-campus-safety-main/cmd/web/handler.go:738.72,740.3 1 0
amencia.net/ubb-campus-safety-main/cmd/web/handler.go:740.8,740.35 1 0
amencia.net/ubb-campus-safety-main/cmd/web/handler.go:740.35,742.3 1 0
amencia.net/ubb-campus-safety-main/cmd/web/handler.go:743.2,743.60 1 0
amencia.net/ubb-campus-safety-main/cmd/web/handler.go:743.60,745.3 1 0
amencia.net/ubb-campus-safety-main/cmd/web/handler.go:745.8,745.32 1 0
amencia.net/ubb-campus-safety-main/cmd/web/handler.go:745.32,747.3 1 0
amencia.net/ubb-campus-safety-main/cmd/web/handler.go:748.2,748.69 1 0
amencia.net/ubb-campus-safety-main/cmd/web/handler.go:748.69,750.3 1 0
amencia.net/ubb-campus-safety-main/cmd/web/handler.go:750.8,750.35 1 0
amencia.net/ubb-campus-safety-main/cmd/web/handler.go:750.35,752.3 1 0
amencia.net/ubb-campus-safety-main/cmd/web/handler.go:754.2,754.55 1 0
amencia.net/ubb-campus-safety-main/cmd/web/handler.go:754.55,756.3 1 0
amencia.net/ubb-campus-safety-main/cmd/web/handler.go:759.2,759.21 1 0
amencia.net/ubb-campus-safety-main/cmd/web/handler.go:759.21,761.39 2 0
amencia.net/ubb-campus-safety-main/cmd/web/handler.go:761.39,763.4 1 0
amencia.net/ubb-campus-safety-main/cmd/web/handler.go:764.3,764.9 1 0
amencia.net/ubb-campus-safety-main/cmd/web/handler.go:767.2,768.16 2 0
amencia.net/ubb-campus-safety-main/cmd/web/handler.go:768.16,772.3 3 0
amencia.net/ubb-campus-safety-main/cmd/web/handler.go:773.2,773.60 1 0
amencia.net/ubb-campus-safety-main/cmd/web/handler.go:776.75,777.33 1 0
amencia.net/ubb-campus-safety-main/cmd/web/handler.go:777.33,780.3 2 0
amencia.net/ubb-campus-safety-main/cmd/web/handler.go:782.2,792.57 6 0
amencia.net/ubb-campus-safety-main/cmd/web/handler.go:792.57,794.3 1 0
amencia.net/ubb-campus-safety-main/cmd/web/handler.go:794.8,794.30 1 0
amencia.net/ubb-campus-safety-main/cmd/web/handler.go:794.30,796.3 1 0
amencia.net/ubb-campus-safety-main/cmd/web/handler.go:797.2,797.57 1 0
amencia.net/ubb-campus-safety-main/cmd/web/handler.go:797.57,799.3 1 0
amencia.net/ubb-campus-safety-main/cmd/web/handler.go:799.8,799.31 1 0
amencia.net/ubb-campus-safety-main/cmd/web/handler.go:799.31,801.3 1 0
amencia.net/ubb-campus-safety-main/cmd/web/handler.go:802.2,802.63 1 0
amencia.net/ubb-campus-safety-main/cmd/web/handler.go:802.63,804.3 1 0
amencia.net/ubb-campus-safety-main/cmd/web/handler.go:804.8,804.33 1 0
amencia.net/ubb-campus-safety-main/cmd/web/handler.go:804.33,806.3 1 0
amencia.net/ubb-campus-safety-main/cmd/web/handler.go:808.2,808.21 1 0
amencia.net/ubb-campus-safety-main/cmd/web/handler.go:808.21,810.39 2 0
amencia.net/ubb-campus-safety-main/cmd/web/handler.go:810.39,812.4 1 0
amencia.net/ubb-campus-safety-main/cmd/web/handler.go:813.3,813.9 1 0
amencia.net/ubb-campus-safety-main/cmd/web/handler.go:817.2,821.16 3 0
amencia.net/ubb-campus-safety-main/cmd/web/handler.go:821.16,825.3 3 0
amencia.net/ubb-campus-safety-main/cmd/web/handler.go:826.2,826.59 1 0
amencia.net/ubb-campus-safety-main/cmd/web/handler.go:829.78,830.33 1 0
amencia.net/ubb-campus-safety-main/cmd/web/handler.go:830.33,833.3 2 0
amencia.net/ubb-campus-safety-main/cmd/web/handler.go:835.2,843.51 5 0
amencia.net/ubb-campus-safety-main/cmd/web/handler.go:843.51,845.3 1 0
amencia.net/ubb-campus-safety-main/cmd/web/handler.go:845.8,845.28 1 0
amencia.net/ubb-campus-safety-main/cmd/web/handler.go:845.28,847.3 1 0
amencia.net/ubb-campus-safety-main/cmd/web/handler.go:848.2,848.57 1 0
amencia.net/ubb-campus-safety-main/cmd/web/handler.go:848.57,850.3 1 0
amencia.net/ubb-campus-safety-main/cmd/web/handler.go:850.8,850.32 1 0
amencia.net/ubb-campus-safety-main/cmd/web/handler.go:850.32,852.3 1 0
amencia.net/ubb-campus-safety-main/cmd/web/handler.go:854.2,854.21 1 0
amencia.net/ubb-campus-safety-main/cmd/web/handler.go:854.21,856.39 2 0
amencia.net/ubb-campus-safety-main/cmd/web/handler.go:856.39,858.4 1 0
amencia.net/ubb-campus-safety-main/cmd/web/handler.go:859.3,859.9 1 0
amencia.net/ubb-campus-safety-main/cmd/web/handler.go:863.2,867.16 3 0
amencia.net/ubb-campus-safety-main/cmd/web/handler.go:867.16,871.3 3 0
amencia.net/ubb-campus-safety-main/cmd/web/handler.go:872.2,872.57 1 0
amencia.net/ubb-campus-safety-main/cmd/web/main.go:13.33,27.16 4 0
amencia.net/ubb-campus-safety-main/cmd/web/main.go:27.16,29.3 1 0
amencia.net/ubb-campus-safety-main/cmd/web/main.go:31.2,32.16 2 0
amencia.net/ubb-campus-safety-main/cmd/web/main.go:32.16,34.3 1 0
amencia.net/ubb-campus-safety-main/cmd/web/main.go:35.2,35.16 1 0
amencia.net/ubb-campus-safety-main/cmd/web/main.go:47.13,49.16 2 0
amencia.net/ubb-campus-safety-main/cmd/web/main.go:49.16,51.3 1 0
amencia.net/ubb-campus-safety-main/cmd/web/main.go:52.2,103.16 40 0
amencia.net/ubb-campus-safety-main/pkg/model/postgresql/connection.go:18.152,24.16 4 1
amencia.net/ubb-campus-safety-main/pkg/model/postgresql/connection.go:24.16,26.3 1 0
amencia.net/ubb-campus-safety-main/pkg/model/postgresql/connection.go:27.2,27.16 1 1
amencia.net/ubb-campus-safety-main/pkg/model/postgresql/connection.go:30.154,33.16 2 1
amencia.net/ubb-campus-safety-main/pkg/model/postgresql/connection.go:33.16,35.3 1 0
amencia.net/ubb-campus-safety-main/pkg/model/postgresql/connection.go:36.2,36.20 1 1
amencia.net/ubb-campus-safety-main/pkg/model/postgresql/connection.go:36.20,38.3 1 0
amencia.net/ubb-campus-safety-main/pkg/model/postgresql/connection.go:40.2,46.16 4 1
amencia.net/ubb-campus-safety-main/pkg/model/postgresql/connection.go:46.16,48.3 1 0
amencia.net/ubb-campus-safety-main/pkg/model/postgresql/connection.go:50.2,54.16 3 1
amencia.net/ubb-campus-safety-main/pkg/model/postgresql/connection.go:54.16,56.3 1 0
amencia.net/ubb-campus-safety-main/pkg/model/postgresql/connection.go:58.2,58.16 1 1
amencia.net/ubb-campus-safety-main/pkg/model/postgresql/connection.go:62.70,65.16 3 2
amencia.net/ubb-campus-safety-main/pkg/model/postgresql/connection.go:65.16,67.3 1 0
amencia.net/ubb-campus-safety-main/pkg/model/postgresql/connection.go:68.2,68.23 1 2
amencia.net/ubb-campus-safety-main/pkg/model/postgresql/connection.go:72.63,78.16 3 1
amencia.net/ubb-campus-safety-main/pkg/model/postgresql/connection.go:78.16,80.3 1 0
amencia.net/ubb-campus-safety-main/pkg/model/postgresql/connection.go:81.2,85.18 3 1
amencia.net/ubb-campus-safety-main/pkg/model/postgresql/connection.go:85.18,90.17 5 1
amencia.net/ubb-campus-safety-main/pkg/model/postgresql/connection.go:90.17,92.4 1 0
amencia.net/ubb-campus-safety-main/pkg/model/postgresql/connection.go:94.3,103.31 5 1
amencia.net/ubb-campus-safety-main/pkg/model/postgresql/connection.go:106.2,106.35 1 1
amencia.net/ubb-campus-safety-main/pkg/model/postgresql/connection.go:106.35,108.3 1 0
amencia.net/ubb-campus-safety-main/pkg/model/postgresql/connection.go:109.2,109.21 1 1
amencia.net/ubb-campus-safety-main/pkg/model/postgresql/connection.go:112.94,116.16 3 1
amencia.net/ubb-campus-safety-main/pkg/model/postgresql/connection.go:116.16,118.3 1 0
amencia.net/ubb-campus-safety-main/pkg/model/postgresql/connection.go:121.2,128.16 3 1
amencia.net/ubb-campus-safety-main/pkg/model/postgresql/connection.go:128.16,130.3 1 0
amencia.net/ubb-campus-safety-main/pkg/model/postgresql/connection.go:131.2,135.18 3 1
amencia.net/ubb-campus-safety-main/pkg/model/postgresql/connection.go:135.18,138.17 3 1
amencia.net/ubb-campus-safety-main/pkg/model/postgresql/connection.go:138.17,140.4 1 0
amencia.net/ubb-campus-safety-main/pkg/model/postgresql/connection.go:143.3,148.31 3 1
amencia.net/ubb-campus-safety-main/pkg/model/postgresql/connection.go:151.2,151.35 1 1
amencia.net/ubb-campus-safety-main/pkg/model/postgresql/connection.go:151.35,153.3 1 0
amencia.net/ubb-campus-safety-main/pkg/model/postgresql/connection.go:155.2,156.11 2 1
amencia.net/ubb-campus-safety-main/pkg/model/postgresql/connection.go:156.11,158.17 2 0
amencia.net/ubb-campus-safety-main/pkg/model/postgresql/connection.go:158.17,160.4 1 0
amencia.net/ubb-campus-safety-main/pkg/model/postgresql/connection.go:163.2,168.18 2 1
amencia.net/ubb-campus-safety-main/pkg/model/postgresql/connection.go:171.95,177.16 4 1
amencia.net/ubb-campus-safety-main/pkg/model/postgresql/connection.go:177.16,179.3 1 0
amencia.net/ubb-campus-safety-main/pkg/model/postgresql/connection.go:180.2,180.16 1 1
amencia.net/ubb-campus-safety-main/pkg/model/postgresql/connection.go:183.85,189.16 4 1
amencia.net/ubb-campus-safety-main/pkg/model/postgresql/connection.go:189.16,191.3 1 0
amencia.net/ubb-campus-safety-main/pkg/model/postgresql/connection.go:192.2,192.16 1 1
amencia.net/ubb-campus-safety-main/pkg/model/postgresql/connection.go:195.57,202.16 3 1
amencia.net/ubb-campus-safety-main/pkg/model/postgresql/connection.go:202.16,204.3 1 0
amencia.net/ubb-campus-safety-main/pkg/model/postgresql/connection.go:205.2,209.18 3 1
amencia.net/ubb-campus-safety-main/pkg/model/postgresql/connection.go:209.18,212.17 3 2
amencia.net/ubb-campus-safety-main/pkg/model/postgresql/connection.go:212.17,214.4 1 0
amencia.net/ubb-campus-safety-main/pkg/model/postgresql/connection.go:216.3,216.23 1 2
amencia.net/ubb-campus-safety-main/pkg/model/postgresql/connection.go:219.2,219.35 1 1
amencia.net/ubb-campus-safety-main/pkg/model/postgresql/connection.go:219.35,221.3 1 0
amencia.net/ubb-campus-safety-main/pkg/model/postgresql/connection.go:222.2,222.17 1 1
amencia.net/ubb-campus-safety-main/pkg/model/postgresql/connection.go:225.86,228.16 3 1
amencia.net/ubb-campus-safety-main/pkg/model/postgresql/connection.go:228.16,230.3 1 0
amencia.net/ubb-campus-safety-main/pkg/model/postgresql/connection.go:232.2,239.16 3 1
amencia.net/ubb-campus-safety-main/pkg/model/postgresql/connection.go:239.16,241.3 1 0
amencia.net/ubb-campus-safety-main/pkg/model/postgresql/connection.go:242.2,246.18 3 1
amencia.net/ubb-campus-safety-main/pkg/model/postgresql/connection.go:246.18,249.17 3 2
amencia.net/ubb-campus-safety-main/pkg/model/postgresql/connection.go:249.17,251.4 1 0
amencia.net/ubb-campus-safety-main/pkg/model/postgresql/connection.go:252.3,252.43 1 2
amencia.net/ubb-campus-safety-main/pkg/model/postgresql/connection.go:255.2,255.27 1 1
